{"/Users/schandramouli/WebstormProjects/svvt-projects/proj1/src/binarySearch.js":{"path":"/Users/schandramouli/WebstormProjects/svvt-projects/proj1/src/binarySearch.js","s":{"1":1,"2":34,"3":34,"4":34,"5":9,"6":9,"7":25,"8":8,"9":17,"10":14,"11":3,"12":3,"13":1},"b":{"1":[9,25],"2":[8,17],"3":[14,3]},"f":{"1":34},"fnMap":{"1":{"name":"binarySearch","line":4,"loc":{"start":{"line":4,"column":0},"end":{"line":4,"column":50}}}},"statementMap":{"1":{"start":{"line":4,"column":0},"end":{"line":21,"column":1}},"2":{"start":{"line":7,"column":2},"end":{"line":7,"column":42}},"3":{"start":{"line":8,"column":2},"end":{"line":8,"column":62}},"4":{"start":{"line":10,"column":2},"end":{"line":20,"column":3}},"5":{"start":{"line":11,"column":4},"end":{"line":11,"column":42}},"6":{"start":{"line":12,"column":4},"end":{"line":12,"column":15}},"7":{"start":{"line":13,"column":9},"end":{"line":20,"column":3}},"8":{"start":{"line":14,"column":4},"end":{"line":14,"column":52}},"9":{"start":{"line":15,"column":9},"end":{"line":20,"column":3}},"10":{"start":{"line":16,"column":4},"end":{"line":16,"column":54}},"11":{"start":{"line":18,"column":4},"end":{"line":18,"column":36}},"12":{"start":{"line":19,"column":4},"end":{"line":19,"column":14}},"13":{"start":{"line":23,"column":0},"end":{"line":23,"column":30}}},"branchMap":{"1":{"line":10,"type":"if","locations":[{"start":{"line":10,"column":2},"end":{"line":10,"column":2}},{"start":{"line":10,"column":2},"end":{"line":10,"column":2}}]},"2":{"line":13,"type":"if","locations":[{"start":{"line":13,"column":9},"end":{"line":13,"column":9}},{"start":{"line":13,"column":9},"end":{"line":13,"column":9}}]},"3":{"line":15,"type":"if","locations":[{"start":{"line":15,"column":9},"end":{"line":15,"column":9}},{"start":{"line":15,"column":9},"end":{"line":15,"column":9}}]}}}}